2022-10-07 09:52:35 info: =================================
2022-10-07 09:52:35 info: ======= ENV: development =======
2022-10-07 09:52:35 info: 🚀 App listening on the port 3000
2022-10-07 09:52:35 info: =================================
2022-10-07 12:09:26 info: =================================
2022-10-07 12:09:26 info: ======= ENV: development =======
2022-10-07 12:09:26 info: 🚀 App listening on the port 3000
2022-10-07 12:09:26 info: =================================
2022-10-07 12:10:22 info: [0mGET /api-docs [36m301[0m 5.010 ms - 183[0m
2022-10-07 12:10:23 info: [0mGET /api-docs [36m301[0m 0.836 ms - 183[0m
2022-10-07 12:10:23 info: [0mGET /api-docs/ [32m200[0m 2.981 ms - -[0m
2022-10-07 12:10:23 info: [0mGET /api-docs/swagger-ui-init.js [32m200[0m 0.522 ms - -[0m
2022-10-07 12:10:23 info: [0mGET /api-docs/swagger-ui.css [32m200[0m 6.499 ms - -[0m
2022-10-07 12:10:23 info: [0mGET /api-docs/swagger-ui-standalone-preset.js [32m200[0m 4.392 ms - -[0m
2022-10-07 12:10:23 info: [0mGET /api-docs/swagger-ui-bundle.js [32m200[0m 5.007 ms - -[0m
2022-10-07 12:10:23 info: [0mGET /api-docs/favicon-32x32.png [36m304[0m 1.221 ms - -[0m
2022-10-07 12:10:27 info: [0mGET /api-docs/ [36m304[0m 0.600 ms - -[0m
2022-10-07 12:10:27 info: [0mGET /api-docs/swagger-ui-init.js [36m304[0m 0.355 ms - -[0m
2022-10-07 12:10:27 info: [0mGET /api-docs/swagger-ui-bundle.js [36m304[0m 3.070 ms - -[0m
2022-10-07 12:10:27 info: [0mGET /api-docs/swagger-ui-standalone-preset.js [36m304[0m 3.075 ms - -[0m
2022-10-07 12:10:27 info: [0mGET /api-docs/swagger-ui.css [36m304[0m 2.676 ms - -[0m
2022-10-07 12:14:13 info: [0mGET /api-docs/ [36m304[0m 0.775 ms - -[0m
2022-10-07 12:14:13 info: [0mGET /api-docs/swagger-ui.css [36m304[0m 1.395 ms - -[0m
2022-10-07 12:14:13 info: [0mGET /api-docs/swagger-ui-bundle.js [36m304[0m 1.216 ms - -[0m
2022-10-07 12:14:13 info: [0mGET /api-docs/swagger-ui-init.js [36m304[0m 0.474 ms - -[0m
2022-10-07 12:14:13 info: [0mGET /api-docs/swagger-ui-standalone-preset.js [36m304[0m 2.074 ms - -[0m
2022-10-07 12:14:13 info: [0mGET /api-docs/favicon-32x32.png [36m304[0m 0.528 ms - -[0m
2022-10-07 12:14:18 info: [0mGET /chargers [32m200[0m 10.529 ms - 768[0m
2022-10-07 12:14:47 info: [0mGET /chargers [36m304[0m 4.441 ms - -[0m
2022-10-07 12:14:47 info: [0mGET /chargers [36m304[0m 5.478 ms - -[0m
2022-10-07 12:15:59 info: [0mGET /chargers [36m304[0m 3.360 ms - -[0m
2022-10-07 12:15:59 info: [0mGET /chargers [36m304[0m 5.586 ms - -[0m
2022-10-07 12:16:01 info: [0mGET /chargers [36m304[0m 2.569 ms - -[0m
2022-10-07 12:16:01 info: [0mGET /chargers [36m304[0m 2.564 ms - -[0m
2022-10-07 12:16:44 info: [0mGET /chargers [36m304[0m 5.019 ms - -[0m
2022-10-07 12:17:08 info: [0mGET /chargers [36m304[0m 2.842 ms - -[0m
2022-10-07 12:18:02 info: [0mGET /chargers [36m304[0m 3.650 ms - -[0m
2022-10-07 12:19:09 info: [0mGET /chargers [32m200[0m 2.707 ms - 769[0m
2022-10-07 12:19:09 info: [0mGET /chargers [36m304[0m 3.122 ms - -[0m
2022-10-07 12:23:27 info: [0mGET /chargers [36m304[0m 2.498 ms - -[0m
2022-10-07 15:52:29 info: [0mGET /chargers [36m304[0m 4.905 ms - -[0m
2022-10-07 15:52:29 info: [0mGET /chargers [36m304[0m 3.071 ms - -[0m
2022-10-07 16:34:05 info: [0mGET /chargers [36m304[0m 3.740 ms - -[0m
2022-10-07 16:34:05 info: [0mGET /chargers [36m304[0m 2.865 ms - -[0m
2022-10-07 17:12:45 info: [0mGET /chargers [32m200[0m 4.268 ms - 802[0m
2022-10-07 17:12:45 info: [0mGET /chargers [36m304[0m 2.146 ms - -[0m
2022-10-07 17:19:36 info: [0mGET /chargers [36m304[0m 3.666 ms - -[0m
2022-10-07 17:23:40 info: [0mGET /chargers [36m304[0m 1.959 ms - -[0m
2022-10-07 17:24:04 info: [0mGET /chargers [36m304[0m 3.512 ms - -[0m
2022-10-07 17:24:26 info: [0mGET /chargers [36m304[0m 2.598 ms - -[0m
2022-10-07 17:24:46 info: [0mGET /chargers [36m304[0m 6.815 ms - -[0m
2022-10-07 17:25:13 info: [0mGET /chargers [36m304[0m 2.411 ms - -[0m
2022-10-07 17:26:33 info: [0mGET /chargers [36m304[0m 7.086 ms - -[0m
2022-10-07 17:26:33 info: [0mGET /chargers [36m304[0m 3.199 ms - -[0m
